[debug] [2022-04-30T01:28:45.121Z] ----------------------------------------------------------------------
[debug] [2022-04-30T01:28:45.123Z] Command:       D:\Node.js\node.exe C:\Users\kimha\AppData\Roaming\npm\node_modules\firebase-tools\lib\bin\firebase.js init
[debug] [2022-04-30T01:28:45.124Z] CLI Version:   10.7.2
[debug] [2022-04-30T01:28:45.124Z] Platform:      win32
[debug] [2022-04-30T01:28:45.124Z] Node Version:  v16.13.2
[debug] [2022-04-30T01:28:45.125Z] Time:          Sat Apr 30 2022 08:28:45 GMT+0700 (Indochina Time)
[debug] [2022-04-30T01:28:45.125Z] ----------------------------------------------------------------------
[debug] 
[debug] [2022-04-30T01:28:45.193Z] > command requires scopes: ["email","openid","https://www.googleapis.com/auth/cloudplatformprojects.readonly","https://www.googleapis.com/auth/firebase","https://www.googleapis.com/auth/cloud-platform"]
[debug] [2022-04-30T01:28:45.193Z] > authorizing via signed-in user (kamaharukung@gmail.com)
[info] 
     ######## #### ########  ######## ########     ###     ######  ########
     ##        ##  ##     ## ##       ##     ##  ##   ##  ##       ##
     ######    ##  ########  ######   ########  #########  ######  ######
     ##        ##  ##    ##  ##       ##     ## ##     ##       ## ##
     ##       #### ##     ## ######## ########  ##     ##  ######  ########

You're about to initialize a Firebase project in this directory:

  E:\Git\KoBjet\pwa-course-2022\DustStudio\my-react-app

Before we get started, keep in mind:

  * You are initializing within an existing Firebase project directory

